number,value,datetime_start,datetime_complete,duration,params_colsample_bytree,params_learning_rate,params_max_depth,params_min_child_weight,params_n_estimators,params_reg_lambda,params_subsample,state
329,0.015366201831896749,2026-05-08 04:25:53.413953,2026-05-08 04:26:34.139112,0 days 00:00:40.725159,0.8741283100350609,0.00502930450607385,4,7,715,0.013889736240565094,0.9175573359466811,COMPLETE
330,0.01705491569475113,2026-05-08 04:26:34.139629,2026-05-08 04:27:14.002309,0 days 00:00:39.862680,0.6766048095542715,0.005013824499897549,4,6,656,0.016578950235376845,0.9372312854485019,COMPLETE
331,0.01801895927633924,2026-05-08 04:27:14.002729,2026-05-08 04:27:50.953584,0 days 00:00:36.950855,0.6715348177304944,0.005673344836285459,4,6,693,0.012810892199031355,0.9063610498888716,COMPLETE
332,0.017702185136915783,2026-05-08 04:27:50.954191,2026-05-08 04:28:32.201782,0 days 00:00:41.247591,0.665895493701949,0.005804347869603239,4,6,630,0.012289524880135008,0.9000215313629116,COMPLETE
333,0.01511932851009058,2026-05-08 04:28:32.202367,2026-05-08 04:29:16.728571,0 days 00:00:44.526204,0.6130518345663062,0.005781466697342656,4,7,685,0.011385561144268867,0.8916574480702686,COMPLETE
334,0.01656953118447902,2026-05-08 04:29:16.729010,2026-05-08 04:29:54.917243,0 days 00:00:38.188233,0.6378150969432176,0.005003994635184535,4,6,676,0.013353536888990651,0.8637088259455274,COMPLETE
335,0.01735019630470988,2026-05-08 04:29:54.917662,2026-05-08 04:30:36.588451,0 days 00:00:41.670789,0.6569729375853101,0.006664485329856572,4,9,725,0.016037907048743475,0.905094082744053,COMPLETE
336,0.01780879858135557,2026-05-08 04:30:36.588890,2026-05-08 04:31:13.148728,0 days 00:00:36.559838,0.666377597502781,0.005615281849998633,4,5,715,0.011337596140774746,0.9253920478575758,COMPLETE
337,0.010926540909106027,2026-05-08 04:31:13.149174,2026-05-08 04:31:49.944388,0 days 00:00:36.795214,0.6778207040620627,0.006170930910151198,5,5,691,0.013019085105939505,0.9401034327555411,COMPLETE
338,0.016381017841688342,2026-05-08 04:31:49.944829,2026-05-08 04:32:27.005839,0 days 00:00:37.061010,0.6664394974627872,0.016757676976185857,4,5,709,0.010146933324680956,0.9268138151917354,COMPLETE
339,0.016684225718681327,2026-05-08 04:32:27.006283,2026-05-08 04:33:06.734505,0 days 00:00:39.728222,0.6798545964168545,0.005747670259981948,4,5,425,3.0406404103162235,0.9278053886669939,COMPLETE
340,0.015411501937522854,2026-05-08 04:33:06.734982,2026-05-08 04:33:48.237768,0 days 00:00:41.502786,0.6649435822641482,0.005439372569660407,4,5,642,0.13834425758064386,0.883619906419148,COMPLETE
341,0.01756970781021881,2026-05-08 04:33:48.238245,2026-05-08 04:34:28.195908,0 days 00:00:39.957663,0.6879898875438487,0.006879654119970437,4,5,665,0.011476678590750595,0.9095142157675219,COMPLETE
342,0.017770915971511033,2026-05-08 04:34:28.196337,2026-05-08 04:35:04.580047,0 days 00:00:36.383710,0.6710283770410675,0.006066882805189123,4,7,768,0.014405884337522507,0.9208910345522816,COMPLETE
343,0.017717190126346427,2026-05-08 04:35:04.580493,2026-05-08 04:35:41.170780,0 days 00:00:36.590287,0.6474235067186097,0.005449174089678666,4,5,711,0.016651263640070624,0.9332316080504528,COMPLETE
344,0.01625591006352797,2026-05-08 04:35:41.171217,2026-05-08 04:36:24.178988,0 days 00:00:43.007771,0.631623526992654,0.005352658788933721,4,6,493,0.012761845759248219,0.9013406494571073,COMPLETE
345,0.01750908845729315,2026-05-08 04:36:24.179471,2026-05-08 04:37:01.150579,0 days 00:00:36.971108,0.622084301117709,0.006202933579977278,4,5,681,0.010134234845401529,0.9175221633258831,COMPLETE
346,0.016161078428088813,2026-05-08 04:37:01.151016,2026-05-08 04:37:40.816244,0 days 00:00:39.665228,0.65951191629516,0.005014829475799113,4,6,740,0.0139558554192161,0.9454554899122517,COMPLETE
347,0.01785087911103516,2026-05-08 04:37:40.816727,2026-05-08 04:38:17.486958,0 days 00:00:36.670231,0.643239782192687,0.005794924933682093,4,8,696,0.011863261215985906,0.9255572599108263,COMPLETE
348,0.017280257789024468,2026-05-08 04:38:17.487372,2026-05-08 04:38:57.238794,0 days 00:00:39.751422,0.6414021677434304,0.007496617532861271,4,10,692,0.011523904313180457,0.932816870920578,COMPLETE
349,0.016005088118350722,2026-05-08 04:38:57.239252,2026-05-08 04:39:36.863241,0 days 00:00:39.623989,0.6301800488182828,0.006639064073486326,4,9,698,0.010084463240778151,0.9265467249224777,COMPLETE
350,0.014897850657478659,2026-05-08 04:39:36.863697,2026-05-08 04:40:14.380195,0 days 00:00:37.516498,0.6170399177559169,0.00589230613941457,4,8,662,0.18292310427493305,0.774875206324061,COMPLETE
351,0.01757913434652985,2026-05-08 04:40:14.380621,2026-05-08 04:40:51.398731,0 days 00:00:37.018110,0.6389854450394002,0.005765300910342035,4,20,729,0.012286059596445522,0.9097836423094108,COMPLETE
352,0.01586258273307011,2026-05-08 04:40:51.399214,2026-05-08 04:41:28.586850,0 days 00:00:37.187636,0.6470239696299586,0.00638214351898552,4,9,474,0.016064024689598153,0.8931746169533951,COMPLETE
353,0.01723859712322957,2026-05-08 04:41:28.587321,2026-05-08 04:42:05.756904,0 days 00:00:37.169583,0.652212288860163,0.006949982198372335,4,4,686,0.01133954076951007,0.9056838442231288,COMPLETE
354,0.015895084404612972,2026-05-08 04:42:05.757322,2026-05-08 04:42:43.413088,0 days 00:00:37.655766,0.6364540817481208,0.005737200088152069,4,8,753,0.01885819058093065,0.9412307756076315,COMPLETE
355,0.017715367209112026,2026-05-08 04:42:43.413532,2026-05-08 04:43:23.285512,0 days 00:00:39.871980,0.6983988193244617,0.006315596563225115,4,10,670,0.014894760455690405,0.9249500713142929,COMPLETE
356,0.01836189827786547,2026-05-08 04:43:23.285970,2026-05-08 04:44:06.585651,0 days 00:00:43.299681,0.6264159684699684,0.0054278085830524415,4,5,717,0.010035725425724723,0.9122178209065154,COMPLETE
357,0.015197024007899079,2026-05-08 04:44:06.586106,2026-05-08 04:44:40.802473,0 days 00:00:34.216367,0.606287939440302,0.005779962285255615,4,5,705,0.01156175786885416,0.9129633196816366,COMPLETE
358,0.015590731411520663,2026-05-08 04:44:40.802955,2026-05-08 04:45:23.831730,0 days 00:00:43.028775,0.6213032166500047,0.006067926895805179,4,5,645,0.010949164116818276,0.8974706576358457,COMPLETE
359,0.01616519055343816,2026-05-08 04:45:23.832199,2026-05-08 04:46:03.998429,0 days 00:00:40.166230,0.6275070653660112,0.006842288367384504,4,4,717,0.011267464580130587,0.9069763881246113,COMPLETE
360,0.016903610033568956,2026-05-08 04:46:03.998898,2026-05-08 04:46:44.020952,0 days 00:00:40.022054,0.6310741981193737,0.005496695863892336,4,4,696,0.010205962676251148,0.9137732656828998,COMPLETE
361,0.01497000300280988,2026-05-08 04:46:44.021368,2026-05-08 04:47:22.433595,0 days 00:00:38.412227,0.6130692320680282,0.007759137369399872,4,5,673,0.012767638957239582,0.9020488833130426,COMPLETE
362,0.010861538398274568,2026-05-08 04:47:22.434068,2026-05-08 04:48:01.377882,0 days 00:00:38.943814,0.6461480341110213,0.06533497230707405,4,4,732,0.010021646007201688,0.9191159515075379,COMPLETE
363,0.017343131522392776,2026-05-08 04:48:01.378320,2026-05-08 04:48:38.767144,0 days 00:00:37.388824,0.6356239342382526,0.005343877064603351,4,4,764,0.012707055973765027,0.8871101847252992,COMPLETE
364,0.013994042484347985,2026-05-08 04:48:38.767605,2026-05-08 04:49:13.362863,0 days 00:00:34.595258,0.6452712427090291,0.019724261353820112,4,3,1000,0.013669074820653871,0.9116198423053984,COMPLETE
365,0.015990761240134488,2026-05-08 04:49:13.363300,2026-05-08 04:49:51.151785,0 days 00:00:37.788485,0.6226908349407452,0.006256539360228877,4,8,714,0.011902375564131117,0.9229593074980258,COMPLETE
366,0.015925279215880328,2026-05-08 04:49:51.152225,2026-05-08 04:50:28.656747,0 days 00:00:37.504522,0.6527766151379272,0.005734969161666434,4,5,680,0.010076347732187489,0.8960646755791262,COMPLETE
367,0.017269939892510803,2026-05-08 04:50:28.657167,2026-05-08 04:51:12.033321,0 days 00:00:43.376154,0.6389511523042248,0.0053530838750413,4,5,745,0.014506037519462686,0.9043587549496822,COMPLETE
368,0.016558422521263574,2026-05-08 04:51:12.033777,2026-05-08 04:51:50.571454,0 days 00:00:38.537677,0.6282716017014836,0.012863215133231262,4,4,700,0.012337054120767074,0.8030223812257407,COMPLETE
369,0.01640379063938155,2026-05-08 04:51:50.571946,2026-05-08 04:52:27.728306,0 days 00:00:37.156360,0.6573998982944265,0.006584933389109734,4,3,657,0.011473617879807349,0.9180032278277495,COMPLETE
370,0.01622322880566744,2026-05-08 04:52:27.728758,2026-05-08 04:53:05.474185,0 days 00:00:37.745427,0.6195077045910102,0.005965532679071281,4,5,720,0.014357204035340552,0.9354803863184037,COMPLETE
371,0.017459821472244792,2026-05-08 04:53:05.474634,2026-05-08 04:53:44.889856,0 days 00:00:39.415222,0.6424392710483853,0.005339546282479547,4,4,738,0.8240154110825595,0.9101703687855839,COMPLETE
372,0.018198767644718034,2026-05-08 04:53:44.890318,2026-05-08 04:54:28.262197,0 days 00:00:43.371879,0.6563834774180743,0.005017497398069778,4,3,692,0.012726738100572467,0.9246329724947551,COMPLETE
373,0.016236551806741894,2026-05-08 04:54:28.262616,2026-05-08 04:55:07.833585,0 days 00:00:39.570969,0.6533453738786038,0.007109126009079761,4,5,684,0.01708373673282342,0.9287988489064084,COMPLETE
374,0.015409518804029632,2026-05-08 04:55:07.834113,2026-05-08 04:55:44.040741,0 days 00:00:36.206628,0.6616670626463454,0.005003636811775243,4,4,694,0.013322703613266512,0.6524067531956044,COMPLETE
375,0.017325790703914667,2026-05-08 04:55:44.041184,2026-05-08 04:56:24.087018,0 days 00:00:40.045834,0.6337567722147703,0.005979226833617122,4,5,634,0.30248115212101384,0.923871855424695,COMPLETE
376,0.014982906383281818,2026-05-08 04:56:24.087467,2026-05-08 04:57:02.523203,0 days 00:00:38.435736,0.6476683731998362,0.005712206829907263,4,4,657,0.015273312610717625,0.7102427048937361,COMPLETE
377,0.017076802517203095,2026-05-08 04:57:02.523656,2026-05-08 04:57:42.245636,0 days 00:00:39.721980,0.6549039353070533,0.006206247524365242,4,3,788,0.012532347383645115,0.9377053578578296,COMPLETE
378,0.017981474901948163,2026-05-08 04:57:42.246080,2026-05-08 04:58:22.017597,0 days 00:00:39.771517,0.642407078600199,0.0055280538083597374,4,7,679,0.021412828078128,0.9136033566511458,COMPLETE
379,0.01599906672692388,2026-05-08 04:58:22.018040,2026-05-08 04:59:01.584391,0 days 00:00:39.566351,0.6405109189460467,0.005447131899851217,4,8,704,0.024320855576147712,0.9485922734129408,COMPLETE
380,0.017362427971639262,2026-05-08 04:59:01.584831,2026-05-08 04:59:41.436293,0 days 00:00:39.851462,0.6325865876885006,0.005000862737739942,4,7,762,0.021447270121900557,0.9230350678957644,COMPLETE
381,0.011714820665509879,2026-05-08 04:59:41.436746,2026-05-08 05:00:20.718911,0 days 00:00:39.282165,0.6448540422071595,0.0846439048914585,4,7,723,0.021275443702454752,0.9324495091702393,COMPLETE
382,0.01712702666653903,2026-05-08 05:00:20.719349,2026-05-08 05:01:02.090938,0 days 00:00:41.371589,0.6500490896930736,0.005480388086481332,4,8,510,0.017719469229010562,0.9044532923286727,COMPLETE
383,0.01516575475707545,2026-05-08 05:01:02.091362,2026-05-08 05:01:41.923864,0 days 00:00:39.832502,0.6098919066813591,0.005710576134086143,4,8,692,0.01568490279181055,0.9169581850856392,COMPLETE
384,0.015305274275829776,2026-05-08 05:01:41.924329,2026-05-08 05:02:18.797850,0 days 00:00:36.873521,0.7687398879039458,0.0053697117521162244,4,19,673,0.010135091026833241,0.897068639714477,COMPLETE
385,0.017369570385576048,2026-05-08 05:02:18.798303,2026-05-08 05:02:55.962356,0 days 00:00:37.164053,0.6263143059159554,0.006443994911770404,4,9,734,0.018993018452089668,0.9275784829082133,COMPLETE
386,0.015175869846611416,2026-05-08 05:02:55.962811,2026-05-08 05:03:41.845607,0 days 00:00:45.882796,0.63691968186873,0.005013538621082969,4,5,706,0.013977905279398121,0.880913875304222,COMPLETE
387,0.01728666237689563,2026-05-08 05:03:41.846124,2026-05-08 05:04:19.857335,0 days 00:00:38.011211,0.6584027479285295,0.005639694719069508,4,3,750,0.010004609338957937,0.9080812808309867,COMPLETE
388,0.0176881787759257,2026-05-08 05:04:19.857768,2026-05-08 05:04:56.269612,0 days 00:00:36.411844,0.6459873445657115,0.006721667318227564,4,7,659,1.4064523331811425,0.9220350680317554,COMPLETE
389,0.012889615448942305,2026-05-08 05:04:56.270110,2026-05-08 05:05:30.629481,0 days 00:00:34.359371,0.6179342283010103,0.18388414972022418,4,4,717,0.4255222741728845,0.9138267121283553,COMPLETE
390,0.01594497718296788,2026-05-08 05:05:30.629913,2026-05-08 05:06:10.022914,0 days 00:00:39.393001,0.6349568148053548,0.005830163647003917,4,6,689,0.011438617206421047,0.8928874641358124,COMPLETE
391,0.016689713468039075,2026-05-08 05:06:10.023369,2026-05-08 05:06:50.718070,0 days 00:00:40.694701,0.6510189967788983,0.005388835836906691,4,5,736,0.017259699052020495,0.9580422114573474,COMPLETE
392,0.015849155241994577,2026-05-08 05:06:50.718508,2026-05-08 05:07:27.899955,0 days 00:00:37.181447,0.6606276183665281,0.006217666810754694,4,9,780,0.01475719021402502,0.9397219226105855,COMPLETE
393,0.01610002509756359,2026-05-08 05:07:27.900397,2026-05-08 05:08:10.782989,0 days 00:00:42.882592,0.624866061984497,0.0053368401029995115,4,7,394,0.012424052438966502,0.903841657120035,COMPLETE
394,0.013959545331219913,2026-05-08 05:08:10.783424,2026-05-08 05:08:48.201540,0 days 00:00:37.418116,0.9440844024585497,0.007050528923932366,4,4,675,0.011431280172604544,0.9192809023576298,COMPLETE
395,0.017576754458093168,2026-05-08 05:08:48.202039,2026-05-08 05:09:24.748147,0 days 00:00:36.546108,0.6417454191872131,0.005744226757750143,4,2,826,0.019561029996407974,0.9321080507295725,COMPLETE
396,0.014317808715816055,2026-05-08 05:09:24.748597,2026-05-08 05:10:05.553491,0 days 00:00:40.804894,0.8553382208049153,0.006405331893678169,4,5,702,0.01359897553605031,0.9095655821484446,COMPLETE
397,0.01748889919397732,2026-05-08 05:10:05.554087,2026-05-08 05:10:48.606973,0 days 00:00:43.052886,0.654920308286807,0.0058522929398173535,4,3,720,0.016391448823582067,0.924512310692099,COMPLETE
398,0.01742409933563682,2026-05-08 05:10:48.607429,2026-05-08 05:11:28.285953,0 days 00:00:39.678524,0.6305809595658501,0.005012453725662816,4,4,230,0.011279913470001958,0.913167158848192,COMPLETE
399,0.015249211272561392,2026-05-08 05:11:28.286400,2026-05-08 05:12:02.738474,0 days 00:00:34.452074,0.6008784806317317,0.005321271011724869,4,5,646,0.022321800100510776,0.9005955969570317,COMPLETE
400,0.01774260171407156,2026-05-08 05:12:02.738892,2026-05-08 05:12:39.199128,0 days 00:00:36.460236,0.640975161405988,0.005002568103878349,4,6,760,0.013030234182849142,0.9288031362972475,COMPLETE
401,0.018066486521080533,2026-05-08 05:12:39.199582,2026-05-08 05:13:16.327076,0 days 00:00:37.127494,0.6645917796612466,0.007615168553232096,4,5,743,0.015036490320042924,0.9188907765990906,COMPLETE
402,0.01797749469074944,2026-05-08 05:13:16.327574,2026-05-08 05:13:53.641046,0 days 00:00:37.313472,0.6658555882400281,0.008186836047946514,4,5,704,0.018313369426791834,0.9209164539965594,COMPLETE
403,0.015957991873049485,2026-05-08 05:13:53.641506,2026-05-08 05:14:30.774470,0 days 00:00:37.132964,0.7819807555950811,0.007659464150299243,4,5,693,0.02395071286823991,0.918637664091211,COMPLETE
404,0.015297856267427178,2026-05-08 05:14:30.774939,2026-05-08 05:15:07.911741,0 days 00:00:37.136802,0.666463124011922,0.009333639175674936,4,6,629,0.019609477980987233,0.8370942661728172,COMPLETE
405,0.014795318442767965,2026-05-08 05:15:07.912203,2026-05-08 05:15:42.223886,0 days 00:00:34.311683,0.7286432058632035,0.008405637336517068,4,5,669,0.017197319902963425,0.906942352025407,COMPLETE
406,0.01383219134018749,2026-05-08 05:15:42.224307,2026-05-08 05:16:25.131244,0 days 00:00:42.906937,0.9111844946433706,0.00730585051072499,4,4,685,0.018345356179032424,0.9351509082244033,COMPLETE
407,0.015257666442657181,2026-05-08 05:16:25.131844,2026-05-08 05:17:02.169617,0 days 00:00:37.037773,0.6632916834395197,0.007511193830010228,4,6,706,0.021820324355449443,0.8906490198848737,COMPLETE
408,0.017184055893961533,2026-05-08 05:17:02.170029,2026-05-08 05:17:41.842582,0 days 00:00:39.672553,0.6157639940138224,0.006845709081341313,4,5,735,0.01549631935701294,0.9167162638947967,COMPLETE
409,0.013868959486277187,2026-05-08 05:17:41.843182,2026-05-08 05:18:19.215555,0 days 00:00:37.372373,0.6559070181053852,0.008727699649330914,4,6,722,0.015380643296949681,0.9015073783261118,COMPLETE
410,0.017576959482349233,2026-05-08 05:18:19.216078,2026-05-08 05:18:56.829306,0 days 00:00:37.613228,0.6457531687047421,0.007492313889675199,4,5,699,0.028745594093445265,0.9101361808649836,COMPLETE
411,0.015263171166119078,2026-05-08 05:18:56.829807,2026-05-08 05:19:35.641397,0 days 00:00:38.811590,0.6342876640665495,0.007991565601737196,4,4,666,0.017866531091068696,0.9451793510349398,COMPLETE
412,0.015936441200295116,2026-05-08 05:19:35.641925,2026-05-08 05:20:15.211646,0 days 00:00:39.569721,0.6246227662963663,0.0067168623740349424,4,7,741,0.014357950612362511,0.9211822159603961,COMPLETE
413,0.015504405789930162,2026-05-08 05:20:15.212079,2026-05-08 05:20:54.911686,0 days 00:00:39.699607,0.6603775703610636,0.008109205717716506,4,4,682,4.669850337813988,0.9287888881985472,COMPLETE
414,0.014282555649822969,2026-05-08 05:20:54.912137,2026-05-08 05:21:29.399671,0 days 00:00:34.487534,0.67176546312521,0.03464648483690516,4,5,772,0.020841383380900334,0.9137664188623938,COMPLETE
415,0.01595859762729936,2026-05-08 05:21:29.400088,2026-05-08 05:22:10.611401,0 days 00:00:41.211313,0.6475795504131381,0.0063019004636499995,4,5,711,0.014756802958448731,0.8996650554314698,COMPLETE
416,0.01733015051321763,2026-05-08 05:22:10.611822,2026-05-08 05:22:47.848090,0 days 00:00:37.236268,0.6625141827152575,0.006597315897788236,4,6,653,0.010032071336097593,0.908053059255131,COMPLETE
417,0.017748834619125135,2026-05-08 05:22:47.848531,2026-05-08 05:23:24.464480,0 days 00:00:36.615949,0.6402333854178062,0.005914302621470467,4,4,728,0.01655906409775176,0.9214081242040378,COMPLETE
418,0.017608885386239552,2026-05-08 05:23:24.464908,2026-05-08 05:24:01.343455,0 days 00:00:36.878547,0.655708555395955,0.005426173705409465,4,5,695,0.013186298528269452,0.9322908687194734,COMPLETE
419,0.015700617848890857,2026-05-08 05:24:01.343964,2026-05-08 05:24:39.041746,0 days 00:00:37.697782,0.6319067178591297,0.0071790180792929825,4,6,748,0.012381424092737946,0.939013412380607,COMPLETE
420,0.01648780844903975,2026-05-08 05:24:39.042203,2026-05-08 05:25:16.160167,0 days 00:00:37.117964,0.678773538639542,0.010173481256875293,4,8,681,0.019297660150167706,0.969764985145781,COMPLETE
421,0.0162713550959808,2026-05-08 05:25:16.160595,2026-05-08 05:25:52.944385,0 days 00:00:36.783790,0.7982467667798029,0.006354469995290281,4,4,713,0.015347410702581877,0.9164054352119152,COMPLETE
422,0.01331703079559679,2026-05-08 05:25:52.944835,2026-05-08 05:26:26.967346,0 days 00:00:34.022511,0.6696929144887624,0.006041429180472774,5,7,700,0.02559845145005292,0.8954709637580938,COMPLETE
423,0.018086552235114482,2026-05-08 05:26:26.967776,2026-05-08 05:27:05.949387,0 days 00:00:38.981611,0.6513411184777803,0.005401483089847369,4,5,729,0.011292537300744285,0.9058386751825509,COMPLETE
424,0.01674781583254016,2026-05-08 05:27:05.949812,2026-05-08 05:27:46.337698,0 days 00:00:40.387886,0.6512871980779688,0.00547248262160301,4,3,801,0.011554349800153114,0.8893314668133734,COMPLETE
425,0.017347246833300394,2026-05-08 05:27:46.338189,2026-05-08 05:28:24.423661,0 days 00:00:38.085472,0.6423930448894434,0.006049364858975834,4,4,756,0.07361295906625198,0.9069473979056409,COMPLETE
426,0.016832028759176183,2026-05-08 05:28:24.424108,2026-05-08 05:29:03.264918,0 days 00:00:38.840810,0.6250780023521232,0.005018108440681957,4,5,736,0.011269130742849577,0.9010400424123637,COMPLETE
427,0.014722207929603997,2026-05-08 05:29:03.265379,2026-05-08 05:29:37.935284,0 days 00:00:34.669905,0.6096697248106069,0.0069818853166731575,4,6,770,0.010105750639861114,0.923964901202503,COMPLETE
428,0.01695388632034495,2026-05-08 05:29:37.935743,2026-05-08 05:30:15.155423,0 days 00:00:37.219680,0.6511117587638249,0.005376909619619298,4,5,728,0.012463849100087026,0.8738202487250706,COMPLETE
429,0.017878899835740043,2026-05-08 05:30:15.155881,2026-05-08 05:30:52.122065,0 days 00:00:36.966184,0.6371507910365434,0.005838627780281517,4,4,661,0.010038749928246073,0.911182398302962,COMPLETE
430,0.01492596360257949,2026-05-08 05:30:52.122579,2026-05-08 05:31:28.791085,0 days 00:00:36.668506,0.6185335179432212,0.014922595734718654,4,5,635,0.2271840121226187,0.9048885200892048,COMPLETE
431,0.01505267712621398,2026-05-08 05:31:28.791532,2026-05-08 05:32:10.105757,0 days 00:00:41.314225,0.634092199628583,0.006529138980843423,4,6,652,0.01139341256383509,0.8834848718442154,COMPLETE
432,0.013925281235326712,2026-05-08 05:32:10.106215,2026-05-08 05:32:59.298386,0 days 00:00:49.192171,0.6475618391649655,0.00813816847850935,4,4,623,0.013872407328536816,0.8965221290754263,COMPLETE
433,0.015770442271773367,2026-05-08 05:32:59.298829,2026-05-08 05:33:39.286465,0 days 00:00:39.987636,0.7439220427706198,0.006117822918969476,4,3,674,0.01681944830712826,0.9099216485250624,COMPLETE
434,0.0168461859833906,2026-05-08 05:33:39.286895,2026-05-08 05:34:19.636519,0 days 00:00:40.349624,0.6286962199618251,0.006910190685720812,4,8,663,0.010116975777900786,0.9257734673000619,COMPLETE
435,0.017193277360694377,2026-05-08 05:34:19.636967,2026-05-08 05:34:59.152382,0 days 00:00:39.515415,0.6372545776986602,0.005791215958502993,4,4,612,0.012737865835172535,0.9175692774268018,COMPLETE
436,0.01735591381812854,2026-05-08 05:34:59.152865,2026-05-08 05:35:36.314776,0 days 00:00:37.161911,0.637706133735439,0.006466067192018363,4,6,652,0.014803627444028794,0.9069359576022854,COMPLETE
437,0.01666513130281202,2026-05-08 05:35:36.315223,2026-05-08 05:36:15.738942,0 days 00:00:39.423719,0.6196171969850782,0.005730028118321339,4,4,641,0.011407326875193621,0.9329464639422484,COMPLETE
438,0.01771151022627943,2026-05-08 05:36:15.739364,2026-05-08 05:36:52.016309,0 days 00:00:36.276945,0.6434194644314138,0.0060549883674408484,4,5,683,0.010024206073403843,0.920006638904948,COMPLETE
