number,value,datetime_start,datetime_complete,duration,params_colsample_bytree,params_learning_rate,params_max_depth,params_min_child_weight,params_n_estimators,params_reg_lambda,params_subsample,state
219,0.017928764781144968,2026-05-08 03:15:06.685054,2026-05-08 03:15:45.810829,0 days 00:00:39.125775,0.6545818658894905,0.005022328905597005,4,6,727,0.011581701828117205,0.9148053024567787,COMPLETE
220,0.017944879865894714,2026-05-08 03:15:45.811248,2026-05-08 03:16:25.117579,0 days 00:00:39.306331,0.653654221469942,0.00550300440222425,4,5,728,0.011515531625545698,0.9139351987234874,COMPLETE
221,0.01790367497318993,2026-05-08 03:16:25.118003,2026-05-08 03:17:05.184844,0 days 00:00:40.066841,0.6549956339180301,0.005438145378208282,4,5,727,0.011239786941607254,0.9148259100345296,COMPLETE
222,0.017782901969386332,2026-05-08 03:17:05.185268,2026-05-08 03:17:41.483319,0 days 00:00:36.298051,0.6546293003829539,0.005502457703015792,4,6,728,0.011708287568708307,0.9183534093353088,COMPLETE
223,0.013508163936060578,2026-05-08 03:17:41.483803,2026-05-08 03:18:20.054129,0 days 00:00:38.570326,0.6603281872965832,0.03456724641080825,4,6,729,0.013622657823123585,0.9176815099580417,COMPLETE
224,0.017707583607319888,2026-05-08 03:18:20.054592,2026-05-08 03:18:57.295711,0 days 00:00:37.241119,0.6733534832452848,0.005647191614560188,4,7,727,0.011878260327554912,0.915178473861946,COMPLETE
225,0.01627580961870288,2026-05-08 03:18:57.296182,2026-05-08 03:19:36.614098,0 days 00:00:39.317916,0.6758545645155707,0.006034690752483776,4,6,722,0.014718939772935952,0.9168320381616601,COMPLETE
226,0.016104989957969627,2026-05-08 03:19:36.614531,2026-05-08 03:20:18.002021,0 days 00:00:41.387490,0.666947702774273,0.006346185048569973,4,6,756,0.011666467266402714,0.8999176176591988,COMPLETE
227,0.01752013371978989,2026-05-08 03:20:18.002462,2026-05-08 03:20:57.319259,0 days 00:00:39.316797,0.6844091600202872,0.005628856640448588,4,7,725,0.011458208492396529,0.9331564090722271,COMPLETE
228,0.017751736776457704,2026-05-08 03:20:57.319707,2026-05-08 03:21:34.090867,0 days 00:00:36.771160,0.6719055175656176,0.005847479239106354,4,5,686,0.015109892563343146,0.9130324967670606,COMPLETE
229,0.01719691555544623,2026-05-08 03:21:34.091305,2026-05-08 03:22:13.676385,0 days 00:00:39.585080,0.6746961845326483,0.005518368177312521,4,5,690,0.015154206424624908,0.9161740518139071,COMPLETE
230,0.016916971610541877,2026-05-08 03:22:13.676876,2026-05-08 03:22:54.177445,0 days 00:00:40.500569,0.6830594738496018,0.00595804451911363,4,7,694,0.014321845189941139,0.9312457902417006,COMPLETE
231,0.014068864632451458,2026-05-08 03:22:54.178008,2026-05-08 03:23:32.378519,0 days 00:00:38.200511,0.6576882842347335,0.006431323972449972,5,5,711,0.011691576423142221,0.9076093099051896,COMPLETE
232,0.01766488678169301,2026-05-08 03:23:32.378960,2026-05-08 03:24:09.108290,0 days 00:00:36.729330,0.6687755940167682,0.005460296897882968,4,6,735,0.012587716412481525,0.9124449767876646,COMPLETE
233,0.01678369863167297,2026-05-08 03:24:09.108726,2026-05-08 03:24:49.839198,0 days 00:00:40.730472,0.6605066096935224,0.005864081558454803,4,5,327,0.016167752637676284,0.9041931895439855,COMPLETE
234,0.017469385520885502,2026-05-08 03:24:49.839731,2026-05-08 03:25:29.439902,0 days 00:00:39.600171,0.6704272488684868,0.005417990531935251,4,6,681,0.014034568428647212,0.917032940838798,COMPLETE
235,0.01588075881533331,2026-05-08 03:25:29.440510,2026-05-08 03:26:06.035966,0 days 00:00:36.595456,0.6564645612635059,0.006817380184728101,4,5,720,0.011328946831887085,0.8935652524718789,COMPLETE
236,0.017652500579498808,2026-05-08 03:26:06.036538,2026-05-08 03:26:43.375941,0 days 00:00:37.339403,0.645271080662262,0.0060991838911290544,4,4,740,0.012838181308050051,0.9148983454884211,COMPLETE
237,0.014498812284384297,2026-05-08 03:26:43.376424,2026-05-08 03:27:17.168419,0 days 00:00:33.791995,0.9656051889099262,0.014676120093221562,4,6,757,0.01609886909326935,0.9313569140337847,COMPLETE
238,0.017354694589772054,2026-05-08 03:27:17.168907,2026-05-08 03:27:58.610739,0 days 00:00:41.441832,0.6634031199445886,0.005707425034170902,4,4,698,0.011333251414398584,0.9046905340736306,COMPLETE
239,0.01772678005431222,2026-05-08 03:27:58.611175,2026-05-08 03:28:35.778638,0 days 00:00:37.167463,0.6561152225474799,0.005404348781586219,4,5,716,0.01423398358189625,0.9202650198356374,COMPLETE
240,0.01770669632747194,2026-05-08 03:28:35.779076,2026-05-08 03:29:12.558131,0 days 00:00:36.779055,0.6801373739113046,0.005375149833810705,4,5,716,0.014187134483013588,0.9201393006784773,COMPLETE
241,0.01773662355867093,2026-05-08 03:29:12.558559,2026-05-08 03:29:48.837001,0 days 00:00:36.278442,0.6794364995305293,0.0054058351239852686,4,5,714,0.014524922906822722,0.9220495273105345,COMPLETE
242,0.017791120525783185,2026-05-08 03:29:48.837497,2026-05-08 03:30:25.284416,0 days 00:00:36.446919,0.6719579016512957,0.005387506390015296,4,6,727,0.016501348930494486,0.9286225705567703,COMPLETE
243,0.017107968292500688,2026-05-08 03:30:25.284896,2026-05-08 03:31:04.531987,0 days 00:00:39.247091,0.6646333666853742,0.0050129999739697475,4,6,671,0.016477502717856748,0.9281885646999515,COMPLETE
244,0.01713704300006882,2026-05-08 03:31:04.532404,2026-05-08 03:31:44.543763,0 days 00:00:40.011359,0.6573565716224117,0.005392300599440054,4,5,703,0.01707413481065144,0.9372490399377809,COMPLETE
245,0.017097388145334583,2026-05-08 03:31:44.544199,2026-05-08 03:32:23.747439,0 days 00:00:39.203240,0.6462701304807275,0.005863307324967529,4,4,720,0.014400603206188235,0.9284719412152005,COMPLETE
246,0.017374987632918042,2026-05-08 03:32:23.747853,2026-05-08 03:33:03.240850,0 days 00:00:39.492997,0.6878235243120514,0.005313039966799759,4,5,693,0.019087604218586747,0.9207350141353228,COMPLETE
247,0.016990339977128746,2026-05-08 03:33:03.241605,2026-05-08 03:33:44.118422,0 days 00:00:40.876817,0.6732207234173344,0.005860027615274994,4,4,733,0.015266901612499292,0.9369447564956983,COMPLETE
248,0.018151129401116906,2026-05-08 03:33:44.118839,2026-05-08 03:34:20.365732,0 days 00:00:36.246893,0.6355388147882819,0.005415804419164172,4,5,716,0.013202493338969523,0.9237690367302475,COMPLETE
249,0.01727097104578519,2026-05-08 03:34:20.366150,2026-05-08 03:34:57.164470,0 days 00:00:36.798320,0.6310355144558024,0.005344299506541554,4,5,713,0.012698040756342854,0.9287185095441177,COMPLETE
250,0.01592963660822464,2026-05-08 03:34:57.164937,2026-05-08 03:35:36.803523,0 days 00:00:39.638586,0.6405086232844323,0.00500167301188888,4,6,751,0.013738091099909191,0.9418795115088412,COMPLETE
251,0.017296127064160446,2026-05-08 03:35:36.804030,2026-05-08 03:36:15.962807,0 days 00:00:39.158777,0.6320260134486351,0.005476816091329558,4,5,729,0.01691185829980967,0.9211968029395712,COMPLETE
252,0.016153159167729206,2026-05-08 03:36:15.963246,2026-05-08 03:36:55.557978,0 days 00:00:39.594732,0.6458685018364709,0.006133251405048622,4,4,709,0.012966245867034924,0.9274010812895901,COMPLETE
253,0.01734639216808915,2026-05-08 03:36:55.558391,2026-05-08 03:37:38.551456,0 days 00:00:42.993065,0.6534857765333422,0.005400928658234101,4,5,744,0.015003586629520334,0.9210945754204024,COMPLETE
254,0.017031639787813645,2026-05-08 03:37:38.551908,2026-05-08 03:38:17.954551,0 days 00:00:39.402643,0.6378154559410412,0.0050238192829265855,4,6,768,0.010257126478102837,0.9360098058464809,COMPLETE
255,0.01784827125527077,2026-05-08 03:38:17.954998,2026-05-08 03:38:54.906240,0 days 00:00:36.951242,0.6593232432379366,0.005850217637736978,4,4,693,0.012928313407339197,0.9123350835014018,COMPLETE
256,0.01745817556715288,2026-05-08 03:38:54.906680,2026-05-08 03:39:36.143324,0 days 00:00:41.236644,0.6626782493349926,0.005781071661163199,4,4,673,0.010028931073331514,0.9071161104309567,COMPLETE
257,0.01760732096059442,2026-05-08 03:39:36.143749,2026-05-08 03:40:13.534651,0 days 00:00:37.390902,0.6603592375298021,0.00645226654735809,4,4,385,0.012720447941562098,0.9150712123679814,COMPLETE
258,0.017536603100452963,2026-05-08 03:40:13.535086,2026-05-08 03:40:51.707057,0 days 00:00:38.171971,0.6697620135872572,0.005369479039506672,4,5,692,0.011713219248289313,0.8997545431602161,COMPLETE
259,0.017976921072154105,2026-05-08 03:40:51.707577,2026-05-08 03:41:28.178531,0 days 00:00:36.470954,0.6261377207066522,0.005748798082199082,4,4,704,0.01372040947273662,0.9090239097796419,COMPLETE
260,0.016613726692565674,2026-05-08 03:41:28.178944,2026-05-08 03:42:03.807890,0 days 00:00:35.628946,0.8389097463610857,0.005040992400109907,4,4,694,0.018371869091992322,0.908787007814701,COMPLETE
261,0.01567371703161519,2026-05-08 03:42:03.808310,2026-05-08 03:42:49.318850,0 days 00:00:45.510540,0.6310839614189776,0.005467767658891114,4,4,732,0.013399030437878854,0.9003040004997199,COMPLETE
262,0.014127504529027703,2026-05-08 03:42:49.319342,2026-05-08 03:43:29.916547,0 days 00:00:40.597205,0.7552052086465775,0.006234768406541738,4,5,762,0.014509009254621166,0.9161284042476769,COMPLETE
263,0.015612189695461721,2026-05-08 03:43:29.916994,2026-05-08 03:44:08.495039,0 days 00:00:38.578045,0.6423334695608195,0.02616053830005261,4,6,683,0.01775759012321822,0.9081756817548944,COMPLETE
264,0.015750975167940464,2026-05-08 03:44:08.495484,2026-05-08 03:44:45.506386,0 days 00:00:37.010902,0.6260422566298234,0.006854430541278598,4,4,747,0.012888074689565229,0.8458945375984948,COMPLETE
265,0.017830843140286715,2026-05-08 03:44:45.506826,2026-05-08 03:45:27.084175,0 days 00:00:41.577349,0.6193746545395342,0.0057404944634136795,4,5,706,0.015796799835224563,0.9129065307072493,COMPLETE
266,0.014478872113644303,2026-05-08 03:45:27.084591,2026-05-08 03:46:01.582234,0 days 00:00:34.497643,0.605721578432556,0.005830426894018511,4,4,704,0.016318469604294086,0.9019317309581503,COMPLETE
267,0.014655418643295039,2026-05-08 03:46:01.582686,2026-05-08 03:46:40.960416,0 days 00:00:39.377730,0.9249892034129776,0.00500450031392881,4,3,448,0.019312236143419936,0.8875959327342053,COMPLETE
268,0.014670601580706766,2026-05-08 03:46:40.960861,2026-05-08 03:47:19.647032,0 days 00:00:38.686171,0.6161007343628845,0.0061819181294934435,4,5,735,0.011931760194623386,0.8949755143608593,COMPLETE
269,0.012636188449345886,2026-05-08 03:47:19.647483,2026-05-08 03:47:58.094748,0 days 00:00:38.447265,0.6230348507030172,0.05626967716653603,4,4,675,0.01561351415078143,0.7267096453959113,COMPLETE
270,0.016464447307865972,2026-05-08 03:47:58.095318,2026-05-08 03:48:38.002150,0 days 00:00:39.906832,0.6139736812945945,0.006596032850957567,4,5,777,0.6256898587793301,0.9107864979337138,COMPLETE
271,0.017050841456661144,2026-05-08 03:48:38.002580,2026-05-08 03:49:17.854744,0 days 00:00:39.852164,0.635960768548489,0.005631717116855277,4,6,699,1.6974161780732449,0.915249838720465,COMPLETE
272,0.017553811921015745,2026-05-08 03:49:17.855243,2026-05-08 03:49:54.999850,0 days 00:00:37.144607,0.6225008944281963,0.0057687235708979165,4,4,721,0.010025490708439277,0.9064702615443786,COMPLETE
273,0.01754014640890311,2026-05-08 03:49:55.000285,2026-05-08 03:50:34.529285,0 days 00:00:39.529000,0.6843660435724073,0.006298269696305604,4,3,741,0.013180528668381876,0.923591161239612,COMPLETE
274,0.01639748074973317,2026-05-08 03:50:34.529731,2026-05-08 03:51:18.115685,0 days 00:00:43.585954,0.6281147356971176,0.005304320322633926,4,5,755,0.011596073415631193,0.9468282999813542,COMPLETE
275,0.016570641725912053,2026-05-08 03:51:18.116129,2026-05-08 03:51:57.455541,0 days 00:00:39.339412,0.6440102990208624,0.007037657603093376,4,4,709,0.015510769271013454,0.9157665008722216,COMPLETE
276,0.016791120306325177,2026-05-08 03:51:57.456007,2026-05-08 03:52:37.026445,0 days 00:00:39.570438,0.6944809098918978,0.005018156696727244,4,3,686,0.020758526567168104,0.9309907166219906,COMPLETE
277,0.015547855861540087,2026-05-08 03:52:37.026906,2026-05-08 03:53:13.058326,0 days 00:00:36.031420,0.8121729388160673,0.005803830910045188,4,5,730,0.013985486706094213,0.8970093219451486,COMPLETE
278,0.017538045740300195,2026-05-08 03:53:13.058769,2026-05-08 03:53:50.405616,0 days 00:00:37.346847,0.6773066547790076,0.0054575495891238165,4,4,257,0.017471645081117662,0.9115984785805366,COMPLETE
279,0.016519375213738516,2026-05-08 03:53:50.406079,2026-05-08 03:54:28.727906,0 days 00:00:38.321827,0.6007043663546326,0.006276711974697544,4,6,716,0.01139380805859658,0.9201611240355063,COMPLETE
280,0.016784592401446214,2026-05-08 03:54:28.728526,2026-05-08 03:55:08.358311,0 days 00:00:39.629785,0.6671033070400195,0.00586338468721385,4,5,698,0.012838900847549628,0.9267281144653372,COMPLETE
281,0.015932961658582653,2026-05-08 03:55:08.358775,2026-05-08 03:55:50.939886,0 days 00:00:42.581111,0.635567536279586,0.005389602927474566,4,3,757,0.014244552403064062,0.9031344173183944,COMPLETE
282,0.015885551247331063,2026-05-08 03:55:50.940307,2026-05-08 03:56:28.702920,0 days 00:00:37.762613,0.6173642035387339,0.006647754657581157,4,7,728,0.011106558990927927,0.9338985410591454,COMPLETE
283,0.015508830095341689,2026-05-08 03:56:28.703402,2026-05-08 03:57:05.548118,0 days 00:00:36.844716,0.6461572014294543,0.00586180709657756,4,3,744,0.3670618218212627,0.891624507168516,COMPLETE
284,0.01766717534459083,2026-05-08 03:57:05.548620,2026-05-08 03:57:43.868104,0 days 00:00:38.319484,0.6565002572729061,0.005402112179876171,4,5,665,0.016675931874512454,0.9124653697076734,COMPLETE
285,0.017151028841771963,2026-05-08 03:57:43.868536,2026-05-08 03:58:23.378821,0 days 00:00:39.510285,0.6666013040136433,0.005002359957563646,4,4,781,0.012659258822399592,0.9206665612033322,COMPLETE
286,0.016265575147212524,2026-05-08 03:58:23.379272,2026-05-08 03:59:00.812190,0 days 00:00:37.432918,0.6277686927138612,0.006266777726239606,4,6,708,0.010083067084796603,0.9051187944168374,COMPLETE
287,0.01589765971634068,2026-05-08 03:59:00.812628,2026-05-08 03:59:38.504373,0 days 00:00:37.691745,0.6390409034821439,0.005649522735236554,4,4,298,0.020302851733427937,0.9411927716540629,COMPLETE
288,0.015266640852619095,2026-05-08 03:59:38.504827,2026-05-08 04:00:15.542637,0 days 00:00:37.037810,0.6503334294915841,0.007140506004193468,4,4,680,0.015101800677492483,0.8254212683506323,COMPLETE
289,0.014443496970572338,2026-05-08 04:00:15.543098,2026-05-08 04:00:54.356086,0 days 00:00:38.812988,0.6825016697392082,0.005011141899238341,4,5,727,0.012332379546543615,0.6988384903932989,COMPLETE
290,0.016807181823946433,2026-05-08 04:00:54.356517,2026-05-08 04:01:33.551313,0 days 00:00:39.194796,0.6607750315724575,0.006038728937054826,4,5,765,0.01773907500960969,0.9268488799070598,COMPLETE
291,0.017767731602731093,2026-05-08 04:01:33.551839,2026-05-08 04:02:12.960465,0 days 00:00:39.408626,0.6731565620954418,0.005432728019522536,4,3,700,0.014257467706491844,0.9128796813939072,COMPLETE
292,0.017690675679056436,2026-05-08 04:02:12.960945,2026-05-08 04:02:50.036236,0 days 00:00:37.075291,0.6662433448379114,0.0063459282797861255,4,3,682,0.011426951165892998,0.911027434235331,COMPLETE
293,0.016872298968755983,2026-05-08 04:02:50.036666,2026-05-08 04:03:30.576830,0 days 00:00:40.540164,0.6446302733068445,0.005710057894397243,4,3,698,0.013535245799352922,0.902438247903038,COMPLETE
294,0.01580839111554281,2026-05-08 04:03:30.577249,2026-05-08 04:04:11.033095,0 days 00:00:40.455846,0.6356203144144611,0.005445974904010874,4,3,743,0.0161239189451409,0.7919499842544099,COMPLETE
295,0.01740856404589993,2026-05-08 04:04:11.033570,2026-05-08 04:04:48.278914,0 days 00:00:37.245344,0.6556880143962093,0.006668175064320886,4,4,721,0.011008068252796994,0.8786472188835852,COMPLETE
296,0.01769131161268043,2026-05-08 04:04:48.279467,2026-05-08 04:05:24.977701,0 days 00:00:36.698234,0.6730834436619362,0.005970227834671549,4,7,700,0.012795902498408158,0.9147162807356533,COMPLETE
297,0.01685170022376722,2026-05-08 04:05:24.978185,2026-05-08 04:06:03.324301,0 days 00:00:38.346116,0.6508652775844355,0.005408069139644533,4,3,736,0.019887684424053975,0.898270496827453,COMPLETE
298,0.015157023918501636,2026-05-08 04:06:03.324764,2026-05-08 04:06:37.818318,0 days 00:00:34.493554,0.6208151227108792,0.005928184890302263,4,4,667,1.0844801816360836,0.6105029064096045,COMPLETE
299,0.01753948820600888,2026-05-08 04:06:37.818732,2026-05-08 04:07:21.056256,0 days 00:00:43.237524,0.6590219475984335,0.00502557499111318,4,3,758,0.014583747044164057,0.9071463832453804,COMPLETE
300,0.01532012732605945,2026-05-08 04:07:21.056783,2026-05-08 04:07:57.843235,0 days 00:00:36.786452,0.6102857829157928,0.005000077313194431,4,6,714,0.01008809646572707,0.9184097562742205,COMPLETE
301,0.016228279895273937,2026-05-08 04:07:57.843675,2026-05-08 04:08:32.036673,0 days 00:00:34.192998,0.6322686623827278,0.007067461276283638,4,2,688,0.017134715490122066,0.7404625362391726,COMPLETE
302,0.01774001214729563,2026-05-08 04:08:32.037139,2026-05-08 04:09:12.468601,0 days 00:00:40.431462,0.6440528857011772,0.006402297301319904,4,4,748,0.012008782220497567,0.9335625965037099,COMPLETE
303,0.01096112081472005,2026-05-08 04:09:12.469106,2026-05-08 04:09:46.002308,0 days 00:00:33.533202,0.6686002129614804,0.11212615249526289,4,4,732,0.0136853403657407,0.9929123109286931,COMPLETE
304,0.01617288777768636,2026-05-08 04:09:46.002725,2026-05-08 04:10:25.045976,0 days 00:00:39.043251,0.6611530294163394,0.005542822327359993,4,3,795,0.015611798425733552,0.9511701257037636,COMPLETE
305,0.015563967949323465,2026-05-08 04:10:25.046398,2026-05-08 04:11:01.995721,0 days 00:00:36.949323,0.65147268478308,0.005784452501173797,4,7,777,0.01124512824554142,0.8919701694108652,COMPLETE
306,0.017027760043646863,2026-05-08 04:11:01.996171,2026-05-08 04:11:42.009462,0 days 00:00:40.013291,0.6402060239156342,0.005389746887626754,4,5,703,0.018605393343521057,0.9265106422180118,COMPLETE
307,0.01765746806364592,2026-05-08 04:11:42.009881,2026-05-08 04:12:19.177411,0 days 00:00:37.167530,0.6745673990115596,0.006203353715123591,4,2,723,0.012372429489502993,0.9136437074530237,COMPLETE
308,0.015913312378528277,2026-05-08 04:12:19.177834,2026-05-08 04:13:01.887713,0 days 00:00:42.709879,0.624348084205711,0.005395949552221764,4,4,688,0.014572395478629256,0.903830411277052,COMPLETE
309,0.014928978025650888,2026-05-08 04:13:01.888155,2026-05-08 04:13:42.531320,0 days 00:00:40.643165,0.655436018723624,0.005004398629784136,4,5,748,0.013076957890823243,0.686285037988608,COMPLETE
310,0.017747705505192748,2026-05-08 04:13:42.531801,2026-05-08 04:14:19.024204,0 days 00:00:36.492403,0.6640434135274618,0.005892692753631998,4,6,704,0.011211546780873683,0.9204144589332407,COMPLETE
311,0.01792853434999869,2026-05-08 04:14:19.024656,2026-05-08 04:14:55.692733,0 days 00:00:36.668077,0.6661876448952447,0.006880464304510581,4,6,673,0.01009747134326985,0.918613240701465,COMPLETE
312,0.017884276940062328,2026-05-08 04:14:55.693303,2026-05-08 04:15:35.319341,0 days 00:00:39.626038,0.689185812975105,0.00686821149355277,4,6,659,0.010093510580792126,0.9102920771960209,COMPLETE
313,0.017117192711385242,2026-05-08 04:15:35.319888,2026-05-08 04:16:15.261256,0 days 00:00:39.941368,0.7004754850400312,0.007067393178366914,4,6,646,0.010226396681809549,0.9099704647068914,COMPLETE
314,0.014047590835862675,2026-05-08 04:16:15.261740,2026-05-08 04:16:52.346279,0 days 00:00:37.084539,0.6828212837901065,0.022624893156289672,4,6,670,0.010023117628820681,0.8967465765455953,COMPLETE
315,0.015564691256081137,2026-05-08 04:16:52.346733,2026-05-08 04:17:32.869220,0 days 00:00:40.522487,0.6865406144549749,0.006702874399492202,4,6,659,0.01114638903924041,0.8880064364255879,COMPLETE
316,0.017148125326802315,2026-05-08 04:17:32.869669,2026-05-08 04:18:10.050564,0 days 00:00:37.180895,0.6790029746895605,0.007268704799975644,4,7,666,0.012017457756078142,0.9066619894387417,COMPLETE
317,0.016740426001161112,2026-05-08 04:18:10.050979,2026-05-08 04:18:49.738983,0 days 00:00:39.688004,0.6753947779410189,0.0064948733612605935,4,6,685,0.011700446809322054,0.915835864225671,COMPLETE
318,0.015105840355443668,2026-05-08 04:18:49.739501,2026-05-08 04:19:30.602317,0 days 00:00:40.862816,0.6918677165391788,0.006573205071886471,4,5,656,0.010107184042329067,0.90135194961799,COMPLETE
319,0.01780390211289377,2026-05-08 04:19:30.602763,2026-05-08 04:20:07.906793,0 days 00:00:37.304030,0.6718756248032154,0.006107301897731102,4,6,679,0.012881406851948315,0.9135425332753572,COMPLETE
320,0.017419837797488784,2026-05-08 04:20:07.907216,2026-05-08 04:20:44.884417,0 days 00:00:36.977201,0.6700293857974674,0.007339238357181694,4,7,673,0.010012635179225975,0.9090368952517013,COMPLETE
321,0.01528202370011202,2026-05-08 04:20:44.884857,2026-05-08 04:21:21.393867,0 days 00:00:36.509010,0.66501643161553,0.04425940581198054,4,6,643,0.012478734004285237,0.9202839647431907,COMPLETE
322,0.013355075005870276,2026-05-08 04:21:21.394304,2026-05-08 04:21:59.129705,0 days 00:00:37.735401,0.6929340290500599,0.029870397227731493,4,6,693,0.013090794758281458,0.9270141030564554,COMPLETE
323,0.016441078762131394,2026-05-08 04:21:59.130129,2026-05-08 04:22:38.842184,0 days 00:00:39.712055,0.683294405065838,0.006105322747837395,4,6,707,0.011353448771712614,0.8986792492172222,COMPLETE
324,0.01706146504033656,2026-05-08 04:22:38.842659,2026-05-08 04:23:18.711467,0 days 00:00:39.868808,0.6731518895020581,0.005438226636785245,4,4,944,0.01358712402041898,0.916289548498106,COMPLETE
325,0.017360873825978018,2026-05-08 04:23:18.711929,2026-05-08 04:23:55.930478,0 days 00:00:37.218549,0.6607811289346701,0.006304240486037125,4,4,674,0.011383299239278364,0.9084636165311083,COMPLETE
326,0.016927245937800612,2026-05-08 04:23:55.930918,2026-05-08 04:24:35.341932,0 days 00:00:39.411014,0.6281594034288778,0.005558192685774089,4,7,355,0.012672252495701496,0.930998704124771,COMPLETE
327,0.017783476036860917,2026-05-08 04:24:35.342383,2026-05-08 04:25:11.702025,0 days 00:00:36.359642,0.6675427607650858,0.005000886328546666,4,6,715,0.013537257598363632,0.9189302168626206,COMPLETE
328,0.017210207549819508,2026-05-08 04:25:11.702588,2026-05-08 04:25:53.413537,0 days 00:00:41.710949,0.688566538391642,0.005278108836243037,4,6,700,0.014982010715510339,0.923337377574069,COMPLETE
